#
# There is insufficient memory for the Java Runtime Environment to continue.
# Native memory allocation (mmap) failed to map 532676608 bytes for G1 virtual space
# Possible reasons:
#   The system is out of physical RAM or swap space
#   The process is running with CompressedOops enabled, and the Java Heap may be blocking the growth of the native heap
# Possible solutions:
#   Reduce memory load on the system
#   Increase physical memory or swap space
#   Check if swap backing store is full
#   Decrease Java heap size (-Xmx/-Xms)
#   Decrease number of Java threads
#   Decrease Java thread stack sizes (-Xss)
#   Set larger code cache with -XX:ReservedCodeCacheSize=
#   JVM is running with Zero Based Compressed Oops mode in which the Java heap is
#     placed in the first 32GB address space. The Java Heap base address is the
#     maximum limit for the native heap growth. Please use -XX:HeapBaseMinAddress
#     to set the Java Heap base and to place the Java Heap above 32GB virtual address.
# This output file may be truncated or incomplete.
#
#  Out of Memory Error (os_windows.cpp:3825), pid=25536, tid=21824
#
# JRE version:  (17.0.9+7) (build )
# Java VM: OpenJDK 64-Bit Server VM (17.0.9+7-b1000.46, mixed mode, sharing, tiered, compressed oops, compressed class ptrs, g1 gc, windows-amd64)
# No core dump will be written. Minidumps are not enabled by default on client versions of Windows
#

---------------  S U M M A R Y ------------

Command Line: git4idea.http.GitAskPassApp Username for 'https://github.com': 

Host: Intel(R) Core(TM) i7-14700K, 28 cores, 31G,  Windows 11 , 64 bit Build 26100 (10.0.26100.4768)
Time: Sun Aug 24 20:51:28 2025 AUS Eastern Standard Time elapsed time: 1.031457 seconds (0d 0h 0m 1s)

---------------  T H R E A D  ---------------

Current thread (0x0000024a0382c9d0):  JavaThread "Unknown thread" [_thread_in_vm, id=21824, stack(0x0000007495c00000,0x0000007495d00000)]

Stack: [0x0000007495c00000,0x0000007495d00000]
Native frames: (J=compiled Java code, j=interpreted, Vv=VM code, C=native code)
V  [jvm.dll+0x6886e9]
V  [jvm.dll+0x841e4a]
V  [jvm.dll+0x843a8e]
V  [jvm.dll+0x8440f3]
V  [jvm.dll+0x24c14f]
V  [jvm.dll+0x685499]
V  [jvm.dll+0x679c2a]
V  [jvm.dll+0x30cf9b]
V  [jvm.dll+0x314446]
V  [jvm.dll+0x36425e]
V  [jvm.dll+0x36448f]
V  [jvm.dll+0x2e2d68]
V  [jvm.dll+0x2e3cd4]
V  [jvm.dll+0x8129f1]
V  [jvm.dll+0x3720c1]
V  [jvm.dll+0x7f152c]
V  [jvm.dll+0x3f5d4f]
V  [jvm.dll+0x3f7981]
C  [jli.dll+0x528f]
C  [ucrtbase.dll+0x37b0]
C  [KERNEL32.DLL+0x2e8d7]
C  [ntdll.dll+0x3c34c]


---------------  P R O C E S S  ---------------

Threads class SMR info:
_java_thread_list=0x00007ff95dfbef18, length=0, elements={
}

Java Threads: ( => current thread )

Other Threads:
  0x0000024a038de8c0 GCTaskThread "GC Thread#0" [stack: 0x0000007495d00000,0x0000007495e00000] [id=45600]
  0x0000024a2bbc30c0 ConcurrentGCThread "G1 Main Marker" [stack: 0x0000007495e00000,0x0000007495f00000] [id=36036]
  0x0000024a2bbc39f0 ConcurrentGCThread "G1 Conc#0" [stack: 0x0000007495f00000,0x0000007496000000] [id=44452]

[error occurred during error reporting (printing all threads), id 0xc0000005, EXCEPTION_ACCESS_VIOLATION (0xc0000005) at pc=0x00007ff95d773937]

VM state: not at safepoint (not fully initialized)

VM Mutex/Monitor currently owned by a thread:  ([mutex/lock_event])
[0x0000024a038277b0] Heap_lock - owner thread: 0x0000024a0382c9d0

Heap address: 0x0000000604000000, size: 8128 MB, Compressed Oops mode: Zero based, Oop shift amount: 3

CDS archive(s) mapped at: [0x0000000000000000-0x0000000000000000-0x0000000000000000), size 0, SharedBaseAddress: 0x0000000800000000, ArchiveRelocationMode: 1.
Narrow klass base: 0x0000000000000000, Narrow klass shift: 0, Narrow klass range: 0x0

GC Precious Log:
<Empty>

Heap:
 garbage-first heap   total 0K, used 0K [0x0000000604000000, 0x0000000800000000)
  region size 4096K, 0 young (0K), 0 survivors (0K)
 Metaspace       used 0K, committed 0K, reserved 0K
  class space    used 0K, committed 0K, reserved 0K

Heap Regions: E=young(eden), S=young(survivor), O=old, HS=humongous(starts), HC=humongous(continues), CS=collection set, F=free, OA=open archive, CA=closed archive, TAMS=top-at-mark-start (previous, next)

Card table byte_map: [0x0000024a19ca0000,0x0000024a1ac80000] _byte_map_base: 0x0000024a16c80000

Marking Bits (Prev, Next): (CMBitMap*) 0x0000024a2bbb2990, (CMBitMap*) 0x0000024a2bbb29d0
 Prev Bits: [0x0000024a1bc60000, 0x0000024a23b60000)
 Next Bits: [0x0000024a23b60000, 0x0000024a2ba60000)

GC Heap History (0 events):
No events

Dll operation events (1 events):
Event: 0.004 Loaded shared library C:\Program Files\JetBrains\PyCharm Community Edition 2023.2.5\jbr\bin\java.dll

Deoptimization events (0 events):
No events

Classes unloaded (0 events):
No events

Classes redefined (0 events):
No events

Internal exceptions (0 events):
No events

VM Operations (0 events):
No events

Events (0 events):
No events


Dynamic libraries:
0x00007ff67e6a0000 - 0x00007ff67e6aa000 	C:\Program Files\JetBrains\PyCharm Community Edition 2023.2.5\jbr\bin\java.exe
0x00007ff9c5000000 - 0x00007ff9c5267000 	C:\WINDOWS\SYSTEM32\ntdll.dll
0x00007ff9c4320000 - 0x00007ff9c43e9000 	C:\WINDOWS\System32\KERNEL32.DLL
0x00007ff9c2130000 - 0x00007ff9c2520000 	C:\WINDOWS\System32\KERNELBASE.dll
0x00007ff9c2530000 - 0x00007ff9c267b000 	C:\WINDOWS\System32\ucrtbase.dll
0x00007ff9b4d50000 - 0x00007ff9b4d67000 	C:\Program Files\JetBrains\PyCharm Community Edition 2023.2.5\jbr\bin\jli.dll
0x00007ff9c4560000 - 0x00007ff9c4725000 	C:\WINDOWS\System32\USER32.dll
0x00007ff9a39a0000 - 0x00007ff9a3c3a000 	C:\WINDOWS\WinSxS\amd64_microsoft.windows.common-controls_6595b64144ccf1df_6.0.26100.4768_none_3e0c112ce331287c\COMCTL32.dll
0x00007ff9c2940000 - 0x00007ff9c2967000 	C:\WINDOWS\System32\win32u.dll
0x00007ff9c33a0000 - 0x00007ff9c3449000 	C:\WINDOWS\System32\msvcrt.dll
0x00007ff9c47a0000 - 0x00007ff9c47cb000 	C:\WINDOWS\System32\GDI32.dll
0x00007ff9c2800000 - 0x00007ff9c2938000 	C:\WINDOWS\System32\gdi32full.dll
0x00007ff9c2c50000 - 0x00007ff9c2cf3000 	C:\WINDOWS\System32\msvcp_win.dll
0x00007ff8cf120000 - 0x00007ff8cf13b000 	C:\Program Files\JetBrains\PyCharm Community Edition 2023.2.5\jbr\bin\VCRUNTIME140.dll
0x00007ff9c4810000 - 0x00007ff9c483f000 	C:\WINDOWS\System32\IMM32.DLL
0x00007ff993c20000 - 0x00007ff993c2c000 	C:\Program Files\JetBrains\PyCharm Community Edition 2023.2.5\jbr\bin\vcruntime140_1.dll
0x00007ff803850000 - 0x00007ff8038dd000 	C:\Program Files\JetBrains\PyCharm Community Edition 2023.2.5\jbr\bin\msvcp140.dll
0x00007ff95d480000 - 0x00007ff95e103000 	C:\Program Files\JetBrains\PyCharm Community Edition 2023.2.5\jbr\bin\server\jvm.dll
0x00007ff9c3000000 - 0x00007ff9c30b4000 	C:\WINDOWS\System32\ADVAPI32.dll
0x00007ff9c4860000 - 0x00007ff9c4906000 	C:\WINDOWS\System32\sechost.dll
0x00007ff9c3150000 - 0x00007ff9c3268000 	C:\WINDOWS\System32\RPCRT4.dll
0x00007ff941e30000 - 0x00007ff941e3a000 	C:\WINDOWS\SYSTEM32\WSOCK32.dll
0x00007ff9c30c0000 - 0x00007ff9c3134000 	C:\WINDOWS\System32\WS2_32.dll
0x00007ff9ba420000 - 0x00007ff9ba42b000 	C:\WINDOWS\SYSTEM32\VERSION.dll
0x00007ff9c1df0000 - 0x00007ff9c1e4e000 	C:\WINDOWS\SYSTEM32\POWRPROF.dll
0x00007ff9b48e0000 - 0x00007ff9b4915000 	C:\WINDOWS\SYSTEM32\WINMM.dll
0x00007ff9c1dd0000 - 0x00007ff9c1de4000 	C:\WINDOWS\SYSTEM32\UMPDC.dll
0x00007ff9c0e90000 - 0x00007ff9c0eab000 	C:\WINDOWS\SYSTEM32\kernel.appcore.dll
0x00007ff9bf0e0000 - 0x00007ff9bf0ea000 	C:\Program Files\JetBrains\PyCharm Community Edition 2023.2.5\jbr\bin\jimage.dll
0x00007ff9ab7f0000 - 0x00007ff9aba31000 	C:\WINDOWS\SYSTEM32\DBGHELP.DLL
0x00007ff9c4c30000 - 0x00007ff9c4fb5000 	C:\WINDOWS\System32\combase.dll
0x00007ff9c4ac0000 - 0x00007ff9c4ba0000 	C:\WINDOWS\System32\OLEAUT32.dll
0x00007ff9a8ea0000 - 0x00007ff9a8ee3000 	C:\WINDOWS\SYSTEM32\dbgcore.DLL
0x00007ff9c2a30000 - 0x00007ff9c2ac9000 	C:\WINDOWS\System32\bcryptPrimitives.dll
0x00007ff9bf090000 - 0x00007ff9bf0b5000 	C:\Program Files\JetBrains\PyCharm Community Edition 2023.2.5\jbr\bin\java.dll

dbghelp: loaded successfully - version: 4.0.5 - missing functions: none
symbol engine: initialized successfully - sym options: 0x614 - pdb path: .;C:\Program Files\JetBrains\PyCharm Community Edition 2023.2.5\jbr\bin;C:\WINDOWS\SYSTEM32;C:\WINDOWS\WinSxS\amd64_microsoft.windows.common-controls_6595b64144ccf1df_6.0.26100.4768_none_3e0c112ce331287c;C:\Program Files\JetBrains\PyCharm Community Edition 2023.2.5\jbr\bin\server

VM Arguments:
java_command: git4idea.http.GitAskPassApp Username for 'https://github.com': 
java_class_path (initial): C:/Program Files/JetBrains/PyCharm Community Edition 2023.2.5/plugins/vcs-git/lib/git4idea-rt.jar;C:/Program Files/JetBrains/PyCharm Community Edition 2023.2.5/lib/externalProcess-rt.jar
Launcher Type: SUN_STANDARD

[Global flags]
     intx CICompilerCount                          = 12                                        {product} {ergonomic}
     uint ConcGCThreads                            = 5                                         {product} {ergonomic}
     uint G1ConcRefinementThreads                  = 20                                        {product} {ergonomic}
   size_t G1HeapRegionSize                         = 4194304                                   {product} {ergonomic}
    uintx GCDrainStackTargetSize                   = 64                                        {product} {ergonomic}
   size_t InitialHeapSize                          = 532676608                                 {product} {ergonomic}
   size_t MarkStackSize                            = 4194304                                   {product} {ergonomic}
   size_t MaxHeapSize                              = 8522825728                                {product} {ergonomic}
   size_t MinHeapDeltaBytes                        = 4194304                                   {product} {ergonomic}
   size_t MinHeapSize                              = 8388608                                   {product} {ergonomic}
    uintx NonNMethodCodeHeapSize                   = 7602480                                {pd product} {ergonomic}
    uintx NonProfiledCodeHeapSize                  = 122027880                              {pd product} {ergonomic}
    uintx ProfiledCodeHeapSize                     = 122027880                              {pd product} {ergonomic}
    uintx ReservedCodeCacheSize                    = 251658240                              {pd product} {ergonomic}
     bool SegmentedCodeCache                       = true                                      {product} {ergonomic}
   size_t SoftMaxHeapSize                          = 8522825728                             {manageable} {ergonomic}
     bool UseCompressedClassPointers               = true                           {product lp64_product} {ergonomic}
     bool UseCompressedOops                        = true                           {product lp64_product} {ergonomic}
     bool UseG1GC                                  = true                                      {product} {ergonomic}
     bool UseLargePagesIndividualAllocation        = false                                  {pd product} {ergonomic}

Logging:
Log output configuration:
 #0: stdout all=warning uptime,level,tags
 #1: stderr all=off uptime,level,tags

Environment Variables:
PATH=C:\Program Files\Git\mingw64\libexec\git-core;C:\Program Files\Git\mingw64\libexec\git-core;C:\Program Files\Git\mingw64\bin;C:\Program Files\Git\usr\bin;C:\Users\Harris\bin;C:\projects\HONOURS\venv\Scripts;C:\Program Files\Python313\Scripts;C:\Program Files\Python313;C:\Program Files\NVIDIA GPU Computing Toolkit\CUDA\v12.8\bin;C:\Program Files\NVIDIA GPU Computing Toolkit\CUDA\v12.8\libnvvp;C:\WINDOWS\system32;C:\WINDOWS;C:\WINDOWS\System32\Wbem;C:\WINDOWS\System32\WindowsPowerShell\v1.0;C:\WINDOWS\System32\OpenSSH;C:\Program Files\dotnet;C:\Program Files (x86)\NVIDIA Corporation\PhysX\Common;C:\Program Files\NVIDIA Corporation\NVIDIA NvDLISR;C:\ProgramData\chocolatey\bin;C:\Program Files\NVIDIA Corporation\Nsight Compute 2025.1.1;C:\Program Files\Git\cmd;C:\Program Files\CMake\bin;C:\Program Files (x86)\Windows Kits\10\Windows Performance Toolkit;C:\Program Files\Tailscale;C:\Users\Harris\AppData\Local\Microsoft\WindowsApps;C:\Program Files\JetBrains\PyCharm Community Edition 2023.2.5\bin;C:\ProgramData\mingw64\mingw64\bin;C:\Users\Harris\AppData\Local\Programs\Microsoft VS Code\bin;C:\Users\Harris\AppData\Local\Programs\Python\Python313\python.exe;C:\Users\Harris\AppData\Local\GitHubDesktop\bin;C:\Users\Harris\AppData\Roaming\Python\Python313\Scripts
USERNAME=Harris
DISPLAY=:0.0
LC_ALL=en_US.UTF-8
TERM=xterm-256color
TMPDIR=C:\TEMP
OS=Windows_NT
PROCESSOR_IDENTIFIER=Intel64 Family 6 Model 183 Stepping 1, GenuineIntel
TMP=C:\TEMP
TEMP=C:\TEMP



Periodic native trim disabled

JNI global refs:
JNI global refs: 0, weak refs: 0

JNI global refs memory usage: 0, weak refs: 0

OOME stack traces (most recent first):
Classloader memory used:


---------------  S Y S T E M  ---------------

OS:
 Windows 11 , 64 bit Build 26100 (10.0.26100.4768)
OS uptime: 10 days 18:20 hours
Hyper-V role detected

CPU: total 28 (initial active 28) (14 cores per cpu, 2 threads per core) family 6 model 183 stepping 1 microcode 0x11d, cx8, cmov, fxsr, ht, mmx, 3dnowpref, sse, sse2, sse3, ssse3, sse4.1, sse4.2, popcnt, lzcnt, tsc, tscinvbit, avx, avx2, aes, erms, clmul, bmi1, bmi2, adx, sha, fma, vzeroupper, clflush, clflushopt, clwb, hv
Processor Information for all 28 processors :
  Max Mhz: 3400, Current Mhz: 3400, Mhz Limit: 3400

Memory: 4k page, system-wide physical 32509M (12135M free)
TotalPageFile size 130813M (AvailPageFile size 460M)
current process WorkingSet (physical memory assigned to process): 13M, peak: 13M
current process commit charge ("private bytes"): 86M, peak: 594M

vm_info: OpenJDK 64-Bit Server VM (17.0.9+7-b1000.46) for windows-amd64 JRE (17.0.9+7-b1000.46), built on 2023-10-27 by "builduser" with MS VC++ 16.10 / 16.11 (VS2019)

END.
